2019-10-18 22:02:56 com.hyp.SpringstartApplication -Starting SpringstartApplication on DESKTOP-OLBL83E with PID 1980 (D:\lifeWork\ideaWorkSpace\springbootblog\target\classes started by heyapei in D:\lifeWork\ideaWorkSpace\springbootblog)
2019-10-18 22:02:56 com.hyp.SpringstartApplication -No active profile set, falling back to default profiles: default
2019-10-18 22:02:56 org.hibernate.validator.internal.util.Version -HV000001: Hibernate Validator 5.3.5.Final
2019-10-18 22:02:56 org.springframework.boot.context.embedded.AnnotationConfigEmbeddedWebApplicationContext -Refreshing org.springframework.boot.context.embedded.AnnotationConfigEmbeddedWebApplicationContext@322ca04a: startup date [Fri Oct 18 22:02:56 CST 2019]; root of context hierarchy
2019-10-18 22:02:57 org.mybatis.spring.mapper.ClassPathMapperScanner -No MyBatis mapper was found in '[com.autumn.mapper]' package. Please check your configuration.
2019-10-18 22:02:57 org.springframework.boot.context.embedded.tomcat.TomcatEmbeddedServletContainer -Tomcat initialized with port(s): 8089 (http)
2019-10-18 22:02:57 org.apache.catalina.core.StandardService -Starting service Tomcat
2019-10-18 22:02:57 org.apache.catalina.core.StandardEngine -Starting Servlet Engine: Apache Tomcat/8.5.14
2019-10-18 22:02:57 org.apache.catalina.core.ContainerBase.[Tomcat].[localhost].[/] -Initializing Spring embedded WebApplicationContext
2019-10-18 22:02:57 org.springframework.web.context.ContextLoader -Root WebApplicationContext: initialization completed in 1392 ms
2019-10-18 22:02:58 org.springframework.boot.web.servlet.ServletRegistrationBean -Mapping servlet: 'dispatcherServlet' to [/]
2019-10-18 22:02:58 org.springframework.boot.web.servlet.ServletRegistrationBean -Mapping servlet: 'statViewServlet' to [/druid/*]
2019-10-18 22:02:58 org.springframework.boot.web.servlet.FilterRegistrationBean -Mapping filter: 'characterEncodingFilter' to: [/*]
2019-10-18 22:02:58 org.springframework.boot.web.servlet.FilterRegistrationBean -Mapping filter: 'webStatFilter' to urls: [/*]
2019-10-18 22:02:58 com.alibaba.druid.spring.boot.autoconfigure.DruidDataSourceAutoConfigure -Init DruidDataSource
2019-10-18 22:02:58 com.alibaba.druid.pool.DruidDataSource -{dataSource-1} inited
2019-10-18 22:02:59 org.springframework.web.servlet.mvc.method.annotation.RequestMappingHandlerMapping -Mapped "{[/admin/index/{userId}],methods=[GET]}" onto public java.lang.String com.hyp.controller.admin.Admin.articleDetailByUserId(int,org.springframework.ui.ModelMap)
2019-10-18 22:02:59 org.springframework.web.servlet.mvc.method.annotation.RequestMappingHandlerMapping -Mapped "{[/admin/index/{articleId}],methods=[GET]}" onto public java.lang.String com.hyp.controller.admin.Admin.showOneArticle(int,org.springframework.ui.ModelMap)
2019-10-18 22:02:59 org.springframework.web.servlet.mvc.method.annotation.RequestMappingHandlerMapping -Mapped "{[/admin/showAdd]}" onto public java.lang.String com.hyp.controller.article.ArticleController.showAdd()
2019-10-18 22:02:59 org.springframework.web.servlet.mvc.method.annotation.RequestMappingHandlerMapping -Mapped "{[/admin/addArticle],methods=[POST]}" onto public java.lang.String com.hyp.controller.article.ArticleController.addArticle(java.util.Map<java.lang.String, java.lang.Object>)
2019-10-18 22:02:59 org.springframework.web.servlet.mvc.method.annotation.RequestMappingHandlerMapping -Mapped "{[/admin/articleDetail/{id}],methods=[GET]}" onto public java.lang.String com.hyp.controller.article.ArticleController.articleDetail(int,org.springframework.ui.ModelMap)
2019-10-18 22:02:59 org.springframework.web.servlet.mvc.method.annotation.RequestMappingHandlerMapping -Mapped "{[/fileUpload],methods=[POST]}" onto public java.util.Map<java.lang.String, java.lang.String> com.hyp.controller.article.ImageUploadController.upload(org.springframework.web.multipart.MultipartFile,javax.servlet.http.HttpServletRequest)
2019-10-18 22:02:59 org.springframework.web.servlet.mvc.method.annotation.RequestMappingHandlerMapping -Mapped "{[/test]}" onto public java.lang.String com.hyp.controller.article.ImageUploadController.toUpload()
2019-10-18 22:02:59 org.springframework.web.servlet.mvc.method.annotation.RequestMappingHandlerMapping -Mapped "{[/]}" onto public java.lang.String com.hyp.controller.Index.index()
2019-10-18 22:02:59 org.springframework.web.servlet.mvc.method.annotation.RequestMappingHandlerMapping -Mapped "{[/one/index]}" onto public java.lang.String com.hyp.controller.interceptor.OneController.index(org.springframework.ui.ModelMap)
2019-10-18 22:02:59 org.springframework.web.servlet.mvc.method.annotation.RequestMappingHandlerMapping -Mapped "{[/one/test]}" onto public java.lang.String com.hyp.controller.interceptor.OneController.test(org.springframework.ui.ModelMap)
2019-10-18 22:02:59 org.springframework.web.servlet.mvc.method.annotation.RequestMappingHandlerMapping -Mapped "{[/one/center]}" onto public java.lang.String com.hyp.controller.interceptor.OneController.center()
2019-10-18 22:02:59 org.springframework.web.servlet.mvc.method.annotation.RequestMappingHandlerMapping -Mapped "{[/one/postform],methods=[POST]}" onto public java.lang.String com.hyp.controller.interceptor.OneController.postform(com.hyp.pojo.User)
2019-10-18 22:02:59 org.springframework.web.servlet.mvc.method.annotation.RequestMappingHandlerMapping -Mapped "{[/two/index]}" onto public java.lang.String com.hyp.controller.interceptor.TwoController.index(org.springframework.ui.ModelMap)
2019-10-18 22:02:59 org.springframework.web.servlet.mvc.method.annotation.RequestMappingHandlerMapping -Mapped "{[/two/test]}" onto public java.lang.String com.hyp.controller.interceptor.TwoController.test(org.springframework.ui.ModelMap)
2019-10-18 22:02:59 org.springframework.web.servlet.mvc.method.annotation.RequestMappingHandlerMapping -Mapped "{[/two/center]}" onto public java.lang.String com.hyp.controller.interceptor.TwoController.center()
2019-10-18 22:02:59 org.springframework.web.servlet.mvc.method.annotation.RequestMappingHandlerMapping -Mapped "{[/two/postform],methods=[POST]}" onto public java.lang.String com.hyp.controller.interceptor.TwoController.postform(com.hyp.pojo.User)
2019-10-18 22:02:59 org.springframework.web.servlet.mvc.method.annotation.RequestMappingHandlerMapping -Mapped "{[/static/page/{html}],methods=[GET]}" onto public java.lang.String com.hyp.controller.staticrequest.StaticRequest.page(java.lang.String)
2019-10-18 22:02:59 org.springframework.web.servlet.mvc.method.annotation.RequestMappingHandlerMapping -Mapped "{[/user/index]}" onto public java.lang.String com.hyp.controller.user.UserController.index()
2019-10-18 22:02:59 org.springframework.web.servlet.mvc.method.annotation.RequestMappingHandlerMapping -Mapped "{[/tasks/test1]}" onto public java.lang.String com.hyp.tasks.DoTask.test1() throws java.lang.Exception
2019-10-18 22:02:59 org.springframework.web.servlet.mvc.method.annotation.RequestMappingHandlerMapping -Mapped "{[/error]}" onto public org.springframework.http.ResponseEntity<java.util.Map<java.lang.String, java.lang.Object>> org.springframework.boot.autoconfigure.web.BasicErrorController.error(javax.servlet.http.HttpServletRequest)
2019-10-18 22:02:59 org.springframework.web.servlet.mvc.method.annotation.RequestMappingHandlerMapping -Mapped "{[/error],produces=[text/html]}" onto public org.springframework.web.servlet.ModelAndView org.springframework.boot.autoconfigure.web.BasicErrorController.errorHtml(javax.servlet.http.HttpServletRequest,javax.servlet.http.HttpServletResponse)
2019-10-18 22:02:59 org.springframework.web.servlet.handler.SimpleUrlHandlerMapping -Mapped URL path [/uploadImg/**] onto handler of type [class org.springframework.web.servlet.resource.ResourceHttpRequestHandler]
2019-10-18 22:02:59 org.springframework.web.servlet.handler.SimpleUrlHandlerMapping -Mapped URL path [/static/**] onto handler of type [class org.springframework.web.servlet.resource.ResourceHttpRequestHandler]
2019-10-18 22:02:59 org.springframework.web.servlet.mvc.method.annotation.RequestMappingHandlerAdapter -Looking for @ControllerAdvice: org.springframework.boot.context.embedded.AnnotationConfigEmbeddedWebApplicationContext@322ca04a: startup date [Fri Oct 18 22:02:56 CST 2019]; root of context hierarchy
2019-10-18 22:02:59 org.springframework.web.servlet.view.freemarker.FreeMarkerConfigurer -ClassTemplateLoader for Spring macros added to FreeMarker configuration
2019-10-18 22:02:59 org.thymeleaf.templatemode.TemplateMode -[THYMELEAF][restartedMain] Template Mode 'HTML5' is deprecated. Using Template Mode 'HTML' instead.
2019-10-18 22:02:59 org.springframework.boot.devtools.autoconfigure.OptionalLiveReloadServer -LiveReload server is running on port 35729
2019-10-18 22:03:00 org.springframework.jmx.export.annotation.AnnotationMBeanExporter -Registering beans for JMX exposure on startup
2019-10-18 22:03:00 org.springframework.jmx.export.annotation.AnnotationMBeanExporter -Bean with name 'statFilter' has been autodetected for JMX exposure
2019-10-18 22:03:00 org.springframework.jmx.export.annotation.AnnotationMBeanExporter -Bean with name 'dataSource' has been autodetected for JMX exposure
2019-10-18 22:03:00 org.springframework.jmx.export.annotation.AnnotationMBeanExporter -Located MBean 'dataSource': registering with JMX server as MBean [com.alibaba.druid.spring.boot.autoconfigure:name=dataSource,type=DruidDataSourceWrapper]
2019-10-18 22:03:00 org.springframework.jmx.export.annotation.AnnotationMBeanExporter -Located MBean 'statFilter': registering with JMX server as MBean [com.alibaba.druid.filter.stat:name=statFilter,type=StatFilter]
2019-10-18 22:03:00 org.apache.coyote.http11.Http11NioProtocol -Initializing ProtocolHandler ["http-nio-8089"]
2019-10-18 22:03:00 org.apache.coyote.http11.Http11NioProtocol -Starting ProtocolHandler ["http-nio-8089"]
2019-10-18 22:03:00 org.apache.tomcat.util.net.NioSelectorPool -Using a shared selector for servlet write/read
2019-10-18 22:03:00 org.springframework.boot.context.embedded.tomcat.TomcatEmbeddedServletContainer -Tomcat started on port(s): 8089 (http)
2019-10-18 22:03:00 com.hyp.SpringstartApplication -Started SpringstartApplication in 4.027 seconds (JVM running for 5.96)
2019-10-18 22:08:22 com.hyp.service.impl.AdminServiceImplTest -Starting AdminServiceImplTest on DESKTOP-OLBL83E with PID 3552 (started by heyapei in D:\lifeWork\ideaWorkSpace\springbootblog)
2019-10-18 22:08:22 com.hyp.service.impl.AdminServiceImplTest -No active profile set, falling back to default profiles: default
2019-10-18 22:08:22 org.springframework.web.context.support.GenericWebApplicationContext -Refreshing org.springframework.web.context.support.GenericWebApplicationContext@229c6181: startup date [Fri Oct 18 22:08:22 CST 2019]; root of context hierarchy
2019-10-18 22:08:23 org.hibernate.validator.internal.util.Version -HV000001: Hibernate Validator 5.3.5.Final
2019-10-18 22:08:23 org.mybatis.spring.mapper.ClassPathMapperScanner -No MyBatis mapper was found in '[com.autumn.mapper]' package. Please check your configuration.
2019-10-18 22:08:24 com.alibaba.druid.spring.boot.autoconfigure.DruidDataSourceAutoConfigure -Init DruidDataSource
2019-10-18 22:08:24 com.alibaba.druid.pool.DruidDataSource -{dataSource-1} inited
2019-10-18 22:08:25 org.springframework.web.servlet.mvc.method.annotation.RequestMappingHandlerMapping -Mapped "{[/admin/index/{userId}],methods=[GET]}" onto public java.lang.String com.hyp.controller.admin.Admin.articleDetailByUserId(int,org.springframework.ui.ModelMap)
2019-10-18 22:08:25 org.springframework.web.servlet.mvc.method.annotation.RequestMappingHandlerMapping -Mapped "{[/admin/index/{articleId}],methods=[GET]}" onto public java.lang.String com.hyp.controller.admin.Admin.showOneArticle(int,org.springframework.ui.ModelMap)
2019-10-18 22:08:25 org.springframework.web.servlet.mvc.method.annotation.RequestMappingHandlerMapping -Mapped "{[/admin/addArticle],methods=[POST]}" onto public java.lang.String com.hyp.controller.article.ArticleController.addArticle(java.util.Map<java.lang.String, java.lang.Object>)
2019-10-18 22:08:25 org.springframework.web.servlet.mvc.method.annotation.RequestMappingHandlerMapping -Mapped "{[/admin/showAdd]}" onto public java.lang.String com.hyp.controller.article.ArticleController.showAdd()
2019-10-18 22:08:25 org.springframework.web.servlet.mvc.method.annotation.RequestMappingHandlerMapping -Mapped "{[/admin/articleDetail/{id}],methods=[GET]}" onto public java.lang.String com.hyp.controller.article.ArticleController.articleDetail(int,org.springframework.ui.ModelMap)
2019-10-18 22:08:25 org.springframework.web.servlet.mvc.method.annotation.RequestMappingHandlerMapping -Mapped "{[/test]}" onto public java.lang.String com.hyp.controller.article.ImageUploadController.toUpload()
2019-10-18 22:08:25 org.springframework.web.servlet.mvc.method.annotation.RequestMappingHandlerMapping -Mapped "{[/fileUpload],methods=[POST]}" onto public java.util.Map<java.lang.String, java.lang.String> com.hyp.controller.article.ImageUploadController.upload(org.springframework.web.multipart.MultipartFile,javax.servlet.http.HttpServletRequest)
2019-10-18 22:08:25 org.springframework.web.servlet.mvc.method.annotation.RequestMappingHandlerMapping -Mapped "{[/]}" onto public java.lang.String com.hyp.controller.Index.index()
2019-10-18 22:08:25 org.springframework.web.servlet.mvc.method.annotation.RequestMappingHandlerMapping -Mapped "{[/one/index]}" onto public java.lang.String com.hyp.controller.interceptor.OneController.index(org.springframework.ui.ModelMap)
2019-10-18 22:08:25 org.springframework.web.servlet.mvc.method.annotation.RequestMappingHandlerMapping -Mapped "{[/one/test]}" onto public java.lang.String com.hyp.controller.interceptor.OneController.test(org.springframework.ui.ModelMap)
2019-10-18 22:08:25 org.springframework.web.servlet.mvc.method.annotation.RequestMappingHandlerMapping -Mapped "{[/one/center]}" onto public java.lang.String com.hyp.controller.interceptor.OneController.center()
2019-10-18 22:08:25 org.springframework.web.servlet.mvc.method.annotation.RequestMappingHandlerMapping -Mapped "{[/one/postform],methods=[POST]}" onto public java.lang.String com.hyp.controller.interceptor.OneController.postform(com.hyp.pojo.User)
2019-10-18 22:08:25 org.springframework.web.servlet.mvc.method.annotation.RequestMappingHandlerMapping -Mapped "{[/two/index]}" onto public java.lang.String com.hyp.controller.interceptor.TwoController.index(org.springframework.ui.ModelMap)
2019-10-18 22:08:25 org.springframework.web.servlet.mvc.method.annotation.RequestMappingHandlerMapping -Mapped "{[/two/test]}" onto public java.lang.String com.hyp.controller.interceptor.TwoController.test(org.springframework.ui.ModelMap)
2019-10-18 22:08:25 org.springframework.web.servlet.mvc.method.annotation.RequestMappingHandlerMapping -Mapped "{[/two/center]}" onto public java.lang.String com.hyp.controller.interceptor.TwoController.center()
2019-10-18 22:08:25 org.springframework.web.servlet.mvc.method.annotation.RequestMappingHandlerMapping -Mapped "{[/two/postform],methods=[POST]}" onto public java.lang.String com.hyp.controller.interceptor.TwoController.postform(com.hyp.pojo.User)
2019-10-18 22:08:25 org.springframework.web.servlet.mvc.method.annotation.RequestMappingHandlerMapping -Mapped "{[/static/page/{html}],methods=[GET]}" onto public java.lang.String com.hyp.controller.staticrequest.StaticRequest.page(java.lang.String)
2019-10-18 22:08:25 org.springframework.web.servlet.mvc.method.annotation.RequestMappingHandlerMapping -Mapped "{[/user/index]}" onto public java.lang.String com.hyp.controller.user.UserController.index()
2019-10-18 22:08:25 org.springframework.web.servlet.mvc.method.annotation.RequestMappingHandlerMapping -Mapped "{[/tasks/test1]}" onto public java.lang.String com.hyp.tasks.DoTask.test1() throws java.lang.Exception
2019-10-18 22:08:25 org.springframework.web.servlet.mvc.method.annotation.RequestMappingHandlerMapping -Mapped "{[/error]}" onto public org.springframework.http.ResponseEntity<java.util.Map<java.lang.String, java.lang.Object>> org.springframework.boot.autoconfigure.web.BasicErrorController.error(javax.servlet.http.HttpServletRequest)
2019-10-18 22:08:25 org.springframework.web.servlet.mvc.method.annotation.RequestMappingHandlerMapping -Mapped "{[/error],produces=[text/html]}" onto public org.springframework.web.servlet.ModelAndView org.springframework.boot.autoconfigure.web.BasicErrorController.errorHtml(javax.servlet.http.HttpServletRequest,javax.servlet.http.HttpServletResponse)
2019-10-18 22:08:25 org.springframework.web.servlet.handler.SimpleUrlHandlerMapping -Mapped URL path [/uploadImg/**] onto handler of type [class org.springframework.web.servlet.resource.ResourceHttpRequestHandler]
2019-10-18 22:08:25 org.springframework.web.servlet.handler.SimpleUrlHandlerMapping -Mapped URL path [/static/**] onto handler of type [class org.springframework.web.servlet.resource.ResourceHttpRequestHandler]
2019-10-18 22:08:25 org.springframework.web.servlet.mvc.method.annotation.RequestMappingHandlerAdapter -Looking for @ControllerAdvice: org.springframework.web.context.support.GenericWebApplicationContext@229c6181: startup date [Fri Oct 18 22:08:22 CST 2019]; root of context hierarchy
2019-10-18 22:08:25 org.springframework.web.servlet.view.freemarker.FreeMarkerConfigurer -ClassTemplateLoader for Spring macros added to FreeMarker configuration
2019-10-18 22:08:25 org.thymeleaf.templatemode.TemplateMode -[THYMELEAF][main] Template Mode 'HTML5' is deprecated. Using Template Mode 'HTML' instead.
2019-10-18 22:08:25 com.hyp.service.impl.AdminServiceImplTest -Started AdminServiceImplTest in 3.551 seconds (JVM running for 4.422)
2019-10-18 22:08:26 com.hyp.mapper.AdminMapper.getAllArticle_COUNT -==>  Preparing: SELECT count(0) FROM article 
2019-10-18 22:08:26 com.hyp.mapper.AdminMapper.getAllArticle_COUNT -==> Parameters: 
2019-10-18 22:08:26 com.hyp.mapper.AdminMapper.getAllArticle_COUNT -<==      Total: 1
2019-10-18 22:08:26 com.hyp.mapper.AdminMapper.getAllArticle -==>  Preparing: select * from article LIMIT ?, ? 
2019-10-18 22:08:26 com.hyp.mapper.AdminMapper.getAllArticle -==> Parameters: 6(Integer), 3(Integer)
2019-10-18 22:08:26 com.hyp.mapper.AdminMapper.getAllArticle -<==      Total: 3
2019-10-18 22:08:26 org.springframework.web.context.support.GenericWebApplicationContext -Closing org.springframework.web.context.support.GenericWebApplicationContext@229c6181: startup date [Fri Oct 18 22:08:22 CST 2019]; root of context hierarchy
2019-10-18 22:08:26 com.alibaba.druid.pool.DruidDataSource -{dataSource-1} closed
2019-10-18 22:08:51 com.hyp.service.impl.AdminServiceImplTest -Starting AdminServiceImplTest on DESKTOP-OLBL83E with PID 1548 (started by heyapei in D:\lifeWork\ideaWorkSpace\springbootblog)
2019-10-18 22:08:51 com.hyp.service.impl.AdminServiceImplTest -No active profile set, falling back to default profiles: default
2019-10-18 22:08:51 org.springframework.web.context.support.GenericWebApplicationContext -Refreshing org.springframework.web.context.support.GenericWebApplicationContext@229c6181: startup date [Fri Oct 18 22:08:51 CST 2019]; root of context hierarchy
2019-10-18 22:08:51 org.hibernate.validator.internal.util.Version -HV000001: Hibernate Validator 5.3.5.Final
2019-10-18 22:08:52 org.mybatis.spring.mapper.ClassPathMapperScanner -No MyBatis mapper was found in '[com.autumn.mapper]' package. Please check your configuration.
2019-10-18 22:08:52 com.alibaba.druid.spring.boot.autoconfigure.DruidDataSourceAutoConfigure -Init DruidDataSource
2019-10-18 22:08:53 com.alibaba.druid.pool.DruidDataSource -{dataSource-1} inited
2019-10-18 22:08:54 org.springframework.web.servlet.mvc.method.annotation.RequestMappingHandlerMapping -Mapped "{[/admin/index/{userId}],methods=[GET]}" onto public java.lang.String com.hyp.controller.admin.Admin.articleDetailByUserId(int,org.springframework.ui.ModelMap)
2019-10-18 22:08:54 org.springframework.web.servlet.mvc.method.annotation.RequestMappingHandlerMapping -Mapped "{[/admin/index/{articleId}],methods=[GET]}" onto public java.lang.String com.hyp.controller.admin.Admin.showOneArticle(int,org.springframework.ui.ModelMap)
2019-10-18 22:08:54 org.springframework.web.servlet.mvc.method.annotation.RequestMappingHandlerMapping -Mapped "{[/admin/addArticle],methods=[POST]}" onto public java.lang.String com.hyp.controller.article.ArticleController.addArticle(java.util.Map<java.lang.String, java.lang.Object>)
2019-10-18 22:08:54 org.springframework.web.servlet.mvc.method.annotation.RequestMappingHandlerMapping -Mapped "{[/admin/articleDetail/{id}],methods=[GET]}" onto public java.lang.String com.hyp.controller.article.ArticleController.articleDetail(int,org.springframework.ui.ModelMap)
2019-10-18 22:08:54 org.springframework.web.servlet.mvc.method.annotation.RequestMappingHandlerMapping -Mapped "{[/admin/showAdd]}" onto public java.lang.String com.hyp.controller.article.ArticleController.showAdd()
2019-10-18 22:08:54 org.springframework.web.servlet.mvc.method.annotation.RequestMappingHandlerMapping -Mapped "{[/test]}" onto public java.lang.String com.hyp.controller.article.ImageUploadController.toUpload()
2019-10-18 22:08:54 org.springframework.web.servlet.mvc.method.annotation.RequestMappingHandlerMapping -Mapped "{[/fileUpload],methods=[POST]}" onto public java.util.Map<java.lang.String, java.lang.String> com.hyp.controller.article.ImageUploadController.upload(org.springframework.web.multipart.MultipartFile,javax.servlet.http.HttpServletRequest)
2019-10-18 22:08:54 org.springframework.web.servlet.mvc.method.annotation.RequestMappingHandlerMapping -Mapped "{[/]}" onto public java.lang.String com.hyp.controller.Index.index()
2019-10-18 22:08:54 org.springframework.web.servlet.mvc.method.annotation.RequestMappingHandlerMapping -Mapped "{[/one/index]}" onto public java.lang.String com.hyp.controller.interceptor.OneController.index(org.springframework.ui.ModelMap)
2019-10-18 22:08:54 org.springframework.web.servlet.mvc.method.annotation.RequestMappingHandlerMapping -Mapped "{[/one/test]}" onto public java.lang.String com.hyp.controller.interceptor.OneController.test(org.springframework.ui.ModelMap)
2019-10-18 22:08:54 org.springframework.web.servlet.mvc.method.annotation.RequestMappingHandlerMapping -Mapped "{[/one/center]}" onto public java.lang.String com.hyp.controller.interceptor.OneController.center()
2019-10-18 22:08:54 org.springframework.web.servlet.mvc.method.annotation.RequestMappingHandlerMapping -Mapped "{[/one/postform],methods=[POST]}" onto public java.lang.String com.hyp.controller.interceptor.OneController.postform(com.hyp.pojo.User)
2019-10-18 22:08:54 org.springframework.web.servlet.mvc.method.annotation.RequestMappingHandlerMapping -Mapped "{[/two/index]}" onto public java.lang.String com.hyp.controller.interceptor.TwoController.index(org.springframework.ui.ModelMap)
2019-10-18 22:08:54 org.springframework.web.servlet.mvc.method.annotation.RequestMappingHandlerMapping -Mapped "{[/two/test]}" onto public java.lang.String com.hyp.controller.interceptor.TwoController.test(org.springframework.ui.ModelMap)
2019-10-18 22:08:54 org.springframework.web.servlet.mvc.method.annotation.RequestMappingHandlerMapping -Mapped "{[/two/center]}" onto public java.lang.String com.hyp.controller.interceptor.TwoController.center()
2019-10-18 22:08:54 org.springframework.web.servlet.mvc.method.annotation.RequestMappingHandlerMapping -Mapped "{[/two/postform],methods=[POST]}" onto public java.lang.String com.hyp.controller.interceptor.TwoController.postform(com.hyp.pojo.User)
2019-10-18 22:08:54 org.springframework.web.servlet.mvc.method.annotation.RequestMappingHandlerMapping -Mapped "{[/static/page/{html}],methods=[GET]}" onto public java.lang.String com.hyp.controller.staticrequest.StaticRequest.page(java.lang.String)
2019-10-18 22:08:54 org.springframework.web.servlet.mvc.method.annotation.RequestMappingHandlerMapping -Mapped "{[/user/index]}" onto public java.lang.String com.hyp.controller.user.UserController.index()
2019-10-18 22:08:54 org.springframework.web.servlet.mvc.method.annotation.RequestMappingHandlerMapping -Mapped "{[/tasks/test1]}" onto public java.lang.String com.hyp.tasks.DoTask.test1() throws java.lang.Exception
2019-10-18 22:08:54 org.springframework.web.servlet.mvc.method.annotation.RequestMappingHandlerMapping -Mapped "{[/error]}" onto public org.springframework.http.ResponseEntity<java.util.Map<java.lang.String, java.lang.Object>> org.springframework.boot.autoconfigure.web.BasicErrorController.error(javax.servlet.http.HttpServletRequest)
2019-10-18 22:08:54 org.springframework.web.servlet.mvc.method.annotation.RequestMappingHandlerMapping -Mapped "{[/error],produces=[text/html]}" onto public org.springframework.web.servlet.ModelAndView org.springframework.boot.autoconfigure.web.BasicErrorController.errorHtml(javax.servlet.http.HttpServletRequest,javax.servlet.http.HttpServletResponse)
2019-10-18 22:08:54 org.springframework.web.servlet.handler.SimpleUrlHandlerMapping -Mapped URL path [/uploadImg/**] onto handler of type [class org.springframework.web.servlet.resource.ResourceHttpRequestHandler]
2019-10-18 22:08:54 org.springframework.web.servlet.handler.SimpleUrlHandlerMapping -Mapped URL path [/static/**] onto handler of type [class org.springframework.web.servlet.resource.ResourceHttpRequestHandler]
2019-10-18 22:08:54 org.springframework.web.servlet.mvc.method.annotation.RequestMappingHandlerAdapter -Looking for @ControllerAdvice: org.springframework.web.context.support.GenericWebApplicationContext@229c6181: startup date [Fri Oct 18 22:08:51 CST 2019]; root of context hierarchy
2019-10-18 22:08:54 org.springframework.web.servlet.view.freemarker.FreeMarkerConfigurer -ClassTemplateLoader for Spring macros added to FreeMarker configuration
2019-10-18 22:08:54 org.thymeleaf.templatemode.TemplateMode -[THYMELEAF][main] Template Mode 'HTML5' is deprecated. Using Template Mode 'HTML' instead.
2019-10-18 22:08:55 com.hyp.service.impl.AdminServiceImplTest -Started AdminServiceImplTest in 4.036 seconds (JVM running for 4.836)
2019-10-18 22:08:55 com.hyp.mapper.AdminMapper.getAllArticle_COUNT -==>  Preparing: SELECT count(0) FROM article 
2019-10-18 22:08:55 com.hyp.mapper.AdminMapper.getAllArticle_COUNT -==> Parameters: 
2019-10-18 22:08:55 com.hyp.mapper.AdminMapper.getAllArticle_COUNT -<==      Total: 1
2019-10-18 22:08:55 com.hyp.mapper.AdminMapper.getAllArticle -==>  Preparing: select * from article LIMIT ?, ? 
2019-10-18 22:08:55 com.hyp.mapper.AdminMapper.getAllArticle -==> Parameters: 6(Integer), 3(Integer)
2019-10-18 22:08:55 com.hyp.mapper.AdminMapper.getAllArticle -<==      Total: 3
2019-10-18 22:08:55 org.springframework.web.context.support.GenericWebApplicationContext -Closing org.springframework.web.context.support.GenericWebApplicationContext@229c6181: startup date [Fri Oct 18 22:08:51 CST 2019]; root of context hierarchy
2019-10-18 22:08:55 com.alibaba.druid.pool.DruidDataSource -{dataSource-1} closed
2019-10-18 22:11:45 com.hyp.service.impl.AdminServiceImplTest -Starting AdminServiceImplTest on DESKTOP-OLBL83E with PID 13144 (started by heyapei in D:\lifeWork\ideaWorkSpace\springbootblog)
2019-10-18 22:11:45 com.hyp.service.impl.AdminServiceImplTest -No active profile set, falling back to default profiles: default
2019-10-18 22:11:45 org.springframework.web.context.support.GenericWebApplicationContext -Refreshing org.springframework.web.context.support.GenericWebApplicationContext@4686afc2: startup date [Fri Oct 18 22:11:45 CST 2019]; root of context hierarchy
2019-10-18 22:11:45 org.hibernate.validator.internal.util.Version -HV000001: Hibernate Validator 5.3.5.Final
2019-10-18 22:11:46 org.mybatis.spring.mapper.ClassPathMapperScanner -No MyBatis mapper was found in '[com.autumn.mapper]' package. Please check your configuration.
2019-10-18 22:11:47 com.alibaba.druid.spring.boot.autoconfigure.DruidDataSourceAutoConfigure -Init DruidDataSource
2019-10-18 22:11:47 com.alibaba.druid.pool.DruidDataSource -{dataSource-1} inited
2019-10-18 22:11:48 org.springframework.web.servlet.mvc.method.annotation.RequestMappingHandlerMapping -Mapped "{[/admin/index/{userId}],methods=[GET]}" onto public java.lang.String com.hyp.controller.admin.Admin.articleDetailByUserId(int,org.springframework.ui.ModelMap)
2019-10-18 22:11:48 org.springframework.web.servlet.mvc.method.annotation.RequestMappingHandlerMapping -Mapped "{[/admin/index/{articleId}],methods=[GET]}" onto public java.lang.String com.hyp.controller.admin.Admin.showOneArticle(int,org.springframework.ui.ModelMap)
2019-10-18 22:11:48 org.springframework.web.servlet.mvc.method.annotation.RequestMappingHandlerMapping -Mapped "{[/admin/addArticle],methods=[POST]}" onto public java.lang.String com.hyp.controller.article.ArticleController.addArticle(java.util.Map<java.lang.String, java.lang.Object>)
2019-10-18 22:11:48 org.springframework.web.servlet.mvc.method.annotation.RequestMappingHandlerMapping -Mapped "{[/admin/showAdd]}" onto public java.lang.String com.hyp.controller.article.ArticleController.showAdd()
2019-10-18 22:11:48 org.springframework.web.servlet.mvc.method.annotation.RequestMappingHandlerMapping -Mapped "{[/admin/articleDetail/{id}],methods=[GET]}" onto public java.lang.String com.hyp.controller.article.ArticleController.articleDetail(int,org.springframework.ui.ModelMap)
2019-10-18 22:11:48 org.springframework.web.servlet.mvc.method.annotation.RequestMappingHandlerMapping -Mapped "{[/test]}" onto public java.lang.String com.hyp.controller.article.ImageUploadController.toUpload()
2019-10-18 22:11:48 org.springframework.web.servlet.mvc.method.annotation.RequestMappingHandlerMapping -Mapped "{[/fileUpload],methods=[POST]}" onto public java.util.Map<java.lang.String, java.lang.String> com.hyp.controller.article.ImageUploadController.upload(org.springframework.web.multipart.MultipartFile,javax.servlet.http.HttpServletRequest)
2019-10-18 22:11:48 org.springframework.web.servlet.mvc.method.annotation.RequestMappingHandlerMapping -Mapped "{[/]}" onto public java.lang.String com.hyp.controller.Index.index()
2019-10-18 22:11:48 org.springframework.web.servlet.mvc.method.annotation.RequestMappingHandlerMapping -Mapped "{[/one/index]}" onto public java.lang.String com.hyp.controller.interceptor.OneController.index(org.springframework.ui.ModelMap)
2019-10-18 22:11:48 org.springframework.web.servlet.mvc.method.annotation.RequestMappingHandlerMapping -Mapped "{[/one/test]}" onto public java.lang.String com.hyp.controller.interceptor.OneController.test(org.springframework.ui.ModelMap)
2019-10-18 22:11:48 org.springframework.web.servlet.mvc.method.annotation.RequestMappingHandlerMapping -Mapped "{[/one/postform],methods=[POST]}" onto public java.lang.String com.hyp.controller.interceptor.OneController.postform(com.hyp.pojo.User)
2019-10-18 22:11:48 org.springframework.web.servlet.mvc.method.annotation.RequestMappingHandlerMapping -Mapped "{[/one/center]}" onto public java.lang.String com.hyp.controller.interceptor.OneController.center()
2019-10-18 22:11:48 org.springframework.web.servlet.mvc.method.annotation.RequestMappingHandlerMapping -Mapped "{[/two/index]}" onto public java.lang.String com.hyp.controller.interceptor.TwoController.index(org.springframework.ui.ModelMap)
2019-10-18 22:11:48 org.springframework.web.servlet.mvc.method.annotation.RequestMappingHandlerMapping -Mapped "{[/two/test]}" onto public java.lang.String com.hyp.controller.interceptor.TwoController.test(org.springframework.ui.ModelMap)
2019-10-18 22:11:48 org.springframework.web.servlet.mvc.method.annotation.RequestMappingHandlerMapping -Mapped "{[/two/postform],methods=[POST]}" onto public java.lang.String com.hyp.controller.interceptor.TwoController.postform(com.hyp.pojo.User)
2019-10-18 22:11:48 org.springframework.web.servlet.mvc.method.annotation.RequestMappingHandlerMapping -Mapped "{[/two/center]}" onto public java.lang.String com.hyp.controller.interceptor.TwoController.center()
2019-10-18 22:11:48 org.springframework.web.servlet.mvc.method.annotation.RequestMappingHandlerMapping -Mapped "{[/static/page/{html}],methods=[GET]}" onto public java.lang.String com.hyp.controller.staticrequest.StaticRequest.page(java.lang.String)
2019-10-18 22:11:48 org.springframework.web.servlet.mvc.method.annotation.RequestMappingHandlerMapping -Mapped "{[/user/index]}" onto public java.lang.String com.hyp.controller.user.UserController.index()
2019-10-18 22:11:48 org.springframework.web.servlet.mvc.method.annotation.RequestMappingHandlerMapping -Mapped "{[/tasks/test1]}" onto public java.lang.String com.hyp.tasks.DoTask.test1() throws java.lang.Exception
2019-10-18 22:11:48 org.springframework.web.servlet.mvc.method.annotation.RequestMappingHandlerMapping -Mapped "{[/error]}" onto public org.springframework.http.ResponseEntity<java.util.Map<java.lang.String, java.lang.Object>> org.springframework.boot.autoconfigure.web.BasicErrorController.error(javax.servlet.http.HttpServletRequest)
2019-10-18 22:11:48 org.springframework.web.servlet.mvc.method.annotation.RequestMappingHandlerMapping -Mapped "{[/error],produces=[text/html]}" onto public org.springframework.web.servlet.ModelAndView org.springframework.boot.autoconfigure.web.BasicErrorController.errorHtml(javax.servlet.http.HttpServletRequest,javax.servlet.http.HttpServletResponse)
2019-10-18 22:11:48 org.springframework.web.servlet.handler.SimpleUrlHandlerMapping -Mapped URL path [/uploadImg/**] onto handler of type [class org.springframework.web.servlet.resource.ResourceHttpRequestHandler]
2019-10-18 22:11:48 org.springframework.web.servlet.handler.SimpleUrlHandlerMapping -Mapped URL path [/static/**] onto handler of type [class org.springframework.web.servlet.resource.ResourceHttpRequestHandler]
2019-10-18 22:11:48 org.springframework.web.servlet.mvc.method.annotation.RequestMappingHandlerAdapter -Looking for @ControllerAdvice: org.springframework.web.context.support.GenericWebApplicationContext@4686afc2: startup date [Fri Oct 18 22:11:45 CST 2019]; root of context hierarchy
2019-10-18 22:11:48 org.springframework.web.servlet.view.freemarker.FreeMarkerConfigurer -ClassTemplateLoader for Spring macros added to FreeMarker configuration
2019-10-18 22:11:48 org.thymeleaf.templatemode.TemplateMode -[THYMELEAF][main] Template Mode 'HTML5' is deprecated. Using Template Mode 'HTML' instead.
2019-10-18 22:11:49 com.hyp.service.impl.AdminServiceImplTest -Started AdminServiceImplTest in 3.886 seconds (JVM running for 4.571)
2019-10-18 22:11:49 com.hyp.mapper.AdminMapper.getAllArticle_COUNT -==>  Preparing: SELECT count(0) FROM article 
2019-10-18 22:11:49 com.hyp.mapper.AdminMapper.getAllArticle_COUNT -==> Parameters: 
2019-10-18 22:11:49 com.hyp.mapper.AdminMapper.getAllArticle_COUNT -<==      Total: 1
2019-10-18 22:11:49 com.hyp.mapper.AdminMapper.getAllArticle -==>  Preparing: select * from article LIMIT ?, ? 
2019-10-18 22:11:49 com.hyp.mapper.AdminMapper.getAllArticle -==> Parameters: 6(Integer), 3(Integer)
2019-10-18 22:11:49 com.hyp.mapper.AdminMapper.getAllArticle -<==      Total: 3
2019-10-18 22:11:49 org.springframework.web.context.support.GenericWebApplicationContext -Closing org.springframework.web.context.support.GenericWebApplicationContext@4686afc2: startup date [Fri Oct 18 22:11:45 CST 2019]; root of context hierarchy
2019-10-18 22:11:49 com.alibaba.druid.pool.DruidDataSource -{dataSource-1} closed
2019-10-18 22:36:09 com.hyp.service.impl.AdminServiceImplTest -Starting AdminServiceImplTest on DESKTOP-OLBL83E with PID 13552 (started by heyapei in D:\lifeWork\ideaWorkSpace\springbootblog)
2019-10-18 22:36:09 com.hyp.service.impl.AdminServiceImplTest -No active profile set, falling back to default profiles: default
2019-10-18 22:36:09 org.springframework.web.context.support.GenericWebApplicationContext -Refreshing org.springframework.web.context.support.GenericWebApplicationContext@4686afc2: startup date [Fri Oct 18 22:36:09 CST 2019]; root of context hierarchy
2019-10-18 22:36:09 org.hibernate.validator.internal.util.Version -HV000001: Hibernate Validator 5.3.5.Final
2019-10-18 22:36:10 org.mybatis.spring.mapper.ClassPathMapperScanner -No MyBatis mapper was found in '[com.autumn.mapper]' package. Please check your configuration.
2019-10-18 22:36:10 com.alibaba.druid.spring.boot.autoconfigure.DruidDataSourceAutoConfigure -Init DruidDataSource
2019-10-18 22:36:11 com.alibaba.druid.pool.DruidDataSource -{dataSource-1} inited
2019-10-18 22:36:12 org.springframework.web.servlet.mvc.method.annotation.RequestMappingHandlerMapping -Mapped "{[/admin/index/{userId}],methods=[GET]}" onto public java.lang.String com.hyp.controller.admin.Admin.articleDetailByUserId(int,org.springframework.ui.ModelMap)
2019-10-18 22:36:12 org.springframework.web.servlet.mvc.method.annotation.RequestMappingHandlerMapping -Mapped "{[/admin/index/{articleId}],methods=[GET]}" onto public java.lang.String com.hyp.controller.admin.Admin.showOneArticle(int,org.springframework.ui.ModelMap)
2019-10-18 22:36:12 org.springframework.web.servlet.mvc.method.annotation.RequestMappingHandlerMapping -Mapped "{[/admin/addArticle],methods=[POST]}" onto public java.lang.String com.hyp.controller.article.ArticleController.addArticle(java.util.Map<java.lang.String, java.lang.Object>)
2019-10-18 22:36:12 org.springframework.web.servlet.mvc.method.annotation.RequestMappingHandlerMapping -Mapped "{[/admin/articleDetail/{id}],methods=[GET]}" onto public java.lang.String com.hyp.controller.article.ArticleController.articleDetail(int,org.springframework.ui.ModelMap)
2019-10-18 22:36:12 org.springframework.web.servlet.mvc.method.annotation.RequestMappingHandlerMapping -Mapped "{[/admin/showAdd]}" onto public java.lang.String com.hyp.controller.article.ArticleController.showAdd()
2019-10-18 22:36:12 org.springframework.web.servlet.mvc.method.annotation.RequestMappingHandlerMapping -Mapped "{[/fileUpload],methods=[POST]}" onto public java.util.Map<java.lang.String, java.lang.String> com.hyp.controller.article.ImageUploadController.upload(org.springframework.web.multipart.MultipartFile,javax.servlet.http.HttpServletRequest)
2019-10-18 22:36:12 org.springframework.web.servlet.mvc.method.annotation.RequestMappingHandlerMapping -Mapped "{[/test]}" onto public java.lang.String com.hyp.controller.article.ImageUploadController.toUpload()
2019-10-18 22:36:12 org.springframework.web.servlet.mvc.method.annotation.RequestMappingHandlerMapping -Mapped "{[/]}" onto public java.lang.String com.hyp.controller.Index.index()
2019-10-18 22:36:12 org.springframework.web.servlet.mvc.method.annotation.RequestMappingHandlerMapping -Mapped "{[/one/index]}" onto public java.lang.String com.hyp.controller.interceptor.OneController.index(org.springframework.ui.ModelMap)
2019-10-18 22:36:12 org.springframework.web.servlet.mvc.method.annotation.RequestMappingHandlerMapping -Mapped "{[/one/test]}" onto public java.lang.String com.hyp.controller.interceptor.OneController.test(org.springframework.ui.ModelMap)
2019-10-18 22:36:12 org.springframework.web.servlet.mvc.method.annotation.RequestMappingHandlerMapping -Mapped "{[/one/center]}" onto public java.lang.String com.hyp.controller.interceptor.OneController.center()
2019-10-18 22:36:12 org.springframework.web.servlet.mvc.method.annotation.RequestMappingHandlerMapping -Mapped "{[/one/postform],methods=[POST]}" onto public java.lang.String com.hyp.controller.interceptor.OneController.postform(com.hyp.pojo.User)
2019-10-18 22:36:12 org.springframework.web.servlet.mvc.method.annotation.RequestMappingHandlerMapping -Mapped "{[/two/index]}" onto public java.lang.String com.hyp.controller.interceptor.TwoController.index(org.springframework.ui.ModelMap)
2019-10-18 22:36:12 org.springframework.web.servlet.mvc.method.annotation.RequestMappingHandlerMapping -Mapped "{[/two/test]}" onto public java.lang.String com.hyp.controller.interceptor.TwoController.test(org.springframework.ui.ModelMap)
2019-10-18 22:36:12 org.springframework.web.servlet.mvc.method.annotation.RequestMappingHandlerMapping -Mapped "{[/two/center]}" onto public java.lang.String com.hyp.controller.interceptor.TwoController.center()
2019-10-18 22:36:12 org.springframework.web.servlet.mvc.method.annotation.RequestMappingHandlerMapping -Mapped "{[/two/postform],methods=[POST]}" onto public java.lang.String com.hyp.controller.interceptor.TwoController.postform(com.hyp.pojo.User)
2019-10-18 22:36:12 org.springframework.web.servlet.mvc.method.annotation.RequestMappingHandlerMapping -Mapped "{[/static/page/{html}],methods=[GET]}" onto public java.lang.String com.hyp.controller.staticrequest.StaticRequest.page(java.lang.String)
2019-10-18 22:36:12 org.springframework.web.servlet.mvc.method.annotation.RequestMappingHandlerMapping -Mapped "{[/user/index]}" onto public java.lang.String com.hyp.controller.user.UserController.index()
2019-10-18 22:36:12 org.springframework.web.servlet.mvc.method.annotation.RequestMappingHandlerMapping -Mapped "{[/tasks/test1]}" onto public java.lang.String com.hyp.tasks.DoTask.test1() throws java.lang.Exception
2019-10-18 22:36:12 org.springframework.web.servlet.mvc.method.annotation.RequestMappingHandlerMapping -Mapped "{[/error]}" onto public org.springframework.http.ResponseEntity<java.util.Map<java.lang.String, java.lang.Object>> org.springframework.boot.autoconfigure.web.BasicErrorController.error(javax.servlet.http.HttpServletRequest)
2019-10-18 22:36:12 org.springframework.web.servlet.mvc.method.annotation.RequestMappingHandlerMapping -Mapped "{[/error],produces=[text/html]}" onto public org.springframework.web.servlet.ModelAndView org.springframework.boot.autoconfigure.web.BasicErrorController.errorHtml(javax.servlet.http.HttpServletRequest,javax.servlet.http.HttpServletResponse)
2019-10-18 22:36:12 org.springframework.web.servlet.handler.SimpleUrlHandlerMapping -Mapped URL path [/uploadImg/**] onto handler of type [class org.springframework.web.servlet.resource.ResourceHttpRequestHandler]
2019-10-18 22:36:12 org.springframework.web.servlet.handler.SimpleUrlHandlerMapping -Mapped URL path [/static/**] onto handler of type [class org.springframework.web.servlet.resource.ResourceHttpRequestHandler]
2019-10-18 22:36:12 org.springframework.web.servlet.mvc.method.annotation.RequestMappingHandlerAdapter -Looking for @ControllerAdvice: org.springframework.web.context.support.GenericWebApplicationContext@4686afc2: startup date [Fri Oct 18 22:36:09 CST 2019]; root of context hierarchy
2019-10-18 22:36:12 org.springframework.web.servlet.view.freemarker.FreeMarkerConfigurer -ClassTemplateLoader for Spring macros added to FreeMarker configuration
2019-10-18 22:36:12 org.thymeleaf.templatemode.TemplateMode -[THYMELEAF][main] Template Mode 'HTML5' is deprecated. Using Template Mode 'HTML' instead.
2019-10-18 22:36:12 com.hyp.service.impl.AdminServiceImplTest -Started AdminServiceImplTest in 3.605 seconds (JVM running for 4.348)
2019-10-18 22:36:12 com.hyp.mapper.AdminMapper.getAllArticle_COUNT -==>  Preparing: SELECT count(0) FROM article 
2019-10-18 22:36:13 com.hyp.mapper.AdminMapper.getAllArticle_COUNT -==> Parameters: 
2019-10-18 22:36:13 com.hyp.mapper.AdminMapper.getAllArticle_COUNT -<==      Total: 1
2019-10-18 22:36:13 com.hyp.mapper.AdminMapper.getAllArticle -==>  Preparing: select * from article LIMIT ?, ? 
2019-10-18 22:36:13 com.hyp.mapper.AdminMapper.getAllArticle -==> Parameters: 6(Integer), 3(Integer)
2019-10-18 22:36:13 com.hyp.mapper.AdminMapper.getAllArticle -<==      Total: 3
2019-10-18 22:36:13 org.springframework.web.context.support.GenericWebApplicationContext -Closing org.springframework.web.context.support.GenericWebApplicationContext@4686afc2: startup date [Fri Oct 18 22:36:09 CST 2019]; root of context hierarchy
2019-10-18 22:36:13 com.alibaba.druid.pool.DruidDataSource -{dataSource-1} closed
2019-10-18 22:39:08 com.hyp.service.impl.AdminServiceImplTest -Starting AdminServiceImplTest on DESKTOP-OLBL83E with PID 12056 (started by heyapei in D:\lifeWork\ideaWorkSpace\springbootblog)
2019-10-18 22:39:08 com.hyp.service.impl.AdminServiceImplTest -No active profile set, falling back to default profiles: default
2019-10-18 22:39:08 org.springframework.web.context.support.GenericWebApplicationContext -Refreshing org.springframework.web.context.support.GenericWebApplicationContext@4686afc2: startup date [Fri Oct 18 22:39:08 CST 2019]; root of context hierarchy
2019-10-18 22:39:08 org.hibernate.validator.internal.util.Version -HV000001: Hibernate Validator 5.3.5.Final
2019-10-18 22:39:08 org.mybatis.spring.mapper.ClassPathMapperScanner -No MyBatis mapper was found in '[com.autumn.mapper]' package. Please check your configuration.
2019-10-18 22:39:09 com.alibaba.druid.spring.boot.autoconfigure.DruidDataSourceAutoConfigure -Init DruidDataSource
2019-10-18 22:39:10 com.alibaba.druid.pool.DruidDataSource -{dataSource-1} inited
2019-10-18 22:39:10 org.springframework.web.servlet.mvc.method.annotation.RequestMappingHandlerMapping -Mapped "{[/admin/index/{articleId}],methods=[GET]}" onto public java.lang.String com.hyp.controller.admin.Admin.showOneArticle(int,org.springframework.ui.ModelMap)
2019-10-18 22:39:10 org.springframework.web.servlet.mvc.method.annotation.RequestMappingHandlerMapping -Mapped "{[/admin/index/{userId}],methods=[GET]}" onto public java.lang.String com.hyp.controller.admin.Admin.articleDetailByUserId(int,org.springframework.ui.ModelMap)
2019-10-18 22:39:10 org.springframework.web.servlet.mvc.method.annotation.RequestMappingHandlerMapping -Mapped "{[/admin/showAdd]}" onto public java.lang.String com.hyp.controller.article.ArticleController.showAdd()
2019-10-18 22:39:10 org.springframework.web.servlet.mvc.method.annotation.RequestMappingHandlerMapping -Mapped "{[/admin/addArticle],methods=[POST]}" onto public java.lang.String com.hyp.controller.article.ArticleController.addArticle(java.util.Map<java.lang.String, java.lang.Object>)
2019-10-18 22:39:10 org.springframework.web.servlet.mvc.method.annotation.RequestMappingHandlerMapping -Mapped "{[/admin/articleDetail/{id}],methods=[GET]}" onto public java.lang.String com.hyp.controller.article.ArticleController.articleDetail(int,org.springframework.ui.ModelMap)
2019-10-18 22:39:10 org.springframework.web.servlet.mvc.method.annotation.RequestMappingHandlerMapping -Mapped "{[/fileUpload],methods=[POST]}" onto public java.util.Map<java.lang.String, java.lang.String> com.hyp.controller.article.ImageUploadController.upload(org.springframework.web.multipart.MultipartFile,javax.servlet.http.HttpServletRequest)
2019-10-18 22:39:10 org.springframework.web.servlet.mvc.method.annotation.RequestMappingHandlerMapping -Mapped "{[/test]}" onto public java.lang.String com.hyp.controller.article.ImageUploadController.toUpload()
2019-10-18 22:39:10 org.springframework.web.servlet.mvc.method.annotation.RequestMappingHandlerMapping -Mapped "{[/]}" onto public java.lang.String com.hyp.controller.Index.index()
2019-10-18 22:39:10 org.springframework.web.servlet.mvc.method.annotation.RequestMappingHandlerMapping -Mapped "{[/one/index]}" onto public java.lang.String com.hyp.controller.interceptor.OneController.index(org.springframework.ui.ModelMap)
2019-10-18 22:39:10 org.springframework.web.servlet.mvc.method.annotation.RequestMappingHandlerMapping -Mapped "{[/one/test]}" onto public java.lang.String com.hyp.controller.interceptor.OneController.test(org.springframework.ui.ModelMap)
2019-10-18 22:39:10 org.springframework.web.servlet.mvc.method.annotation.RequestMappingHandlerMapping -Mapped "{[/one/center]}" onto public java.lang.String com.hyp.controller.interceptor.OneController.center()
2019-10-18 22:39:10 org.springframework.web.servlet.mvc.method.annotation.RequestMappingHandlerMapping -Mapped "{[/one/postform],methods=[POST]}" onto public java.lang.String com.hyp.controller.interceptor.OneController.postform(com.hyp.pojo.User)
2019-10-18 22:39:10 org.springframework.web.servlet.mvc.method.annotation.RequestMappingHandlerMapping -Mapped "{[/two/index]}" onto public java.lang.String com.hyp.controller.interceptor.TwoController.index(org.springframework.ui.ModelMap)
2019-10-18 22:39:10 org.springframework.web.servlet.mvc.method.annotation.RequestMappingHandlerMapping -Mapped "{[/two/test]}" onto public java.lang.String com.hyp.controller.interceptor.TwoController.test(org.springframework.ui.ModelMap)
2019-10-18 22:39:10 org.springframework.web.servlet.mvc.method.annotation.RequestMappingHandlerMapping -Mapped "{[/two/center]}" onto public java.lang.String com.hyp.controller.interceptor.TwoController.center()
2019-10-18 22:39:10 org.springframework.web.servlet.mvc.method.annotation.RequestMappingHandlerMapping -Mapped "{[/two/postform],methods=[POST]}" onto public java.lang.String com.hyp.controller.interceptor.TwoController.postform(com.hyp.pojo.User)
2019-10-18 22:39:10 org.springframework.web.servlet.mvc.method.annotation.RequestMappingHandlerMapping -Mapped "{[/static/page/{html}],methods=[GET]}" onto public java.lang.String com.hyp.controller.staticrequest.StaticRequest.page(java.lang.String)
2019-10-18 22:39:10 org.springframework.web.servlet.mvc.method.annotation.RequestMappingHandlerMapping -Mapped "{[/user/index]}" onto public java.lang.String com.hyp.controller.user.UserController.index()
2019-10-18 22:39:10 org.springframework.web.servlet.mvc.method.annotation.RequestMappingHandlerMapping -Mapped "{[/tasks/test1]}" onto public java.lang.String com.hyp.tasks.DoTask.test1() throws java.lang.Exception
2019-10-18 22:39:10 org.springframework.web.servlet.mvc.method.annotation.RequestMappingHandlerMapping -Mapped "{[/error]}" onto public org.springframework.http.ResponseEntity<java.util.Map<java.lang.String, java.lang.Object>> org.springframework.boot.autoconfigure.web.BasicErrorController.error(javax.servlet.http.HttpServletRequest)
2019-10-18 22:39:10 org.springframework.web.servlet.mvc.method.annotation.RequestMappingHandlerMapping -Mapped "{[/error],produces=[text/html]}" onto public org.springframework.web.servlet.ModelAndView org.springframework.boot.autoconfigure.web.BasicErrorController.errorHtml(javax.servlet.http.HttpServletRequest,javax.servlet.http.HttpServletResponse)
2019-10-18 22:39:10 org.springframework.web.servlet.handler.SimpleUrlHandlerMapping -Mapped URL path [/uploadImg/**] onto handler of type [class org.springframework.web.servlet.resource.ResourceHttpRequestHandler]
2019-10-18 22:39:10 org.springframework.web.servlet.handler.SimpleUrlHandlerMapping -Mapped URL path [/static/**] onto handler of type [class org.springframework.web.servlet.resource.ResourceHttpRequestHandler]
2019-10-18 22:39:10 org.springframework.web.servlet.mvc.method.annotation.RequestMappingHandlerAdapter -Looking for @ControllerAdvice: org.springframework.web.context.support.GenericWebApplicationContext@4686afc2: startup date [Fri Oct 18 22:39:08 CST 2019]; root of context hierarchy
2019-10-18 22:39:11 org.springframework.web.servlet.view.freemarker.FreeMarkerConfigurer -ClassTemplateLoader for Spring macros added to FreeMarker configuration
2019-10-18 22:39:11 org.thymeleaf.templatemode.TemplateMode -[THYMELEAF][main] Template Mode 'HTML5' is deprecated. Using Template Mode 'HTML' instead.
2019-10-18 22:39:11 com.hyp.service.impl.AdminServiceImplTest -Started AdminServiceImplTest in 3.937 seconds (JVM running for 4.701)
2019-10-18 22:39:11 com.hyp.mapper.AdminMapper.getAllArticle -==>  Preparing: select * from article 
2019-10-18 22:39:11 com.hyp.mapper.AdminMapper.getAllArticle -==> Parameters: 
2019-10-18 22:39:11 com.hyp.mapper.AdminMapper.getAllArticle -<==      Total: 22
2019-10-18 22:39:11 org.springframework.web.context.support.GenericWebApplicationContext -Closing org.springframework.web.context.support.GenericWebApplicationContext@4686afc2: startup date [Fri Oct 18 22:39:08 CST 2019]; root of context hierarchy
2019-10-18 22:39:11 com.alibaba.druid.pool.DruidDataSource -{dataSource-1} closed
2019-10-18 22:43:48 com.hyp.service.impl.AdminServiceImplTest -Starting AdminServiceImplTest on DESKTOP-OLBL83E with PID 15060 (started by heyapei in D:\lifeWork\ideaWorkSpace\springbootblog)
2019-10-18 22:43:48 com.hyp.service.impl.AdminServiceImplTest -No active profile set, falling back to default profiles: default
2019-10-18 22:43:49 org.springframework.web.context.support.GenericWebApplicationContext -Refreshing org.springframework.web.context.support.GenericWebApplicationContext@1e0b4072: startup date [Fri Oct 18 22:43:49 CST 2019]; root of context hierarchy
2019-10-18 22:43:49 org.hibernate.validator.internal.util.Version -HV000001: Hibernate Validator 5.3.5.Final
2019-10-18 22:43:49 org.mybatis.spring.mapper.ClassPathMapperScanner -No MyBatis mapper was found in '[com.autumn.mapper]' package. Please check your configuration.
2019-10-18 22:43:50 com.alibaba.druid.spring.boot.autoconfigure.DruidDataSourceAutoConfigure -Init DruidDataSource
2019-10-18 22:43:50 com.alibaba.druid.pool.DruidDataSource -{dataSource-1} inited
2019-10-18 22:43:51 org.springframework.web.servlet.mvc.method.annotation.RequestMappingHandlerMapping -Mapped "{[/admin/index/{userId}],methods=[GET]}" onto public java.lang.String com.hyp.controller.admin.Admin.articleDetailByUserId(int,org.springframework.ui.ModelMap)
2019-10-18 22:43:51 org.springframework.web.servlet.mvc.method.annotation.RequestMappingHandlerMapping -Mapped "{[/admin/index/{articleId}],methods=[GET]}" onto public java.lang.String com.hyp.controller.admin.Admin.showOneArticle(int,org.springframework.ui.ModelMap)
2019-10-18 22:43:51 org.springframework.web.servlet.mvc.method.annotation.RequestMappingHandlerMapping -Mapped "{[/admin/articleDetail/{id}],methods=[GET]}" onto public java.lang.String com.hyp.controller.article.ArticleController.articleDetail(int,org.springframework.ui.ModelMap)
2019-10-18 22:43:51 org.springframework.web.servlet.mvc.method.annotation.RequestMappingHandlerMapping -Mapped "{[/admin/addArticle],methods=[POST]}" onto public java.lang.String com.hyp.controller.article.ArticleController.addArticle(java.util.Map<java.lang.String, java.lang.Object>)
2019-10-18 22:43:51 org.springframework.web.servlet.mvc.method.annotation.RequestMappingHandlerMapping -Mapped "{[/admin/showAdd]}" onto public java.lang.String com.hyp.controller.article.ArticleController.showAdd()
2019-10-18 22:43:51 org.springframework.web.servlet.mvc.method.annotation.RequestMappingHandlerMapping -Mapped "{[/fileUpload],methods=[POST]}" onto public java.util.Map<java.lang.String, java.lang.String> com.hyp.controller.article.ImageUploadController.upload(org.springframework.web.multipart.MultipartFile,javax.servlet.http.HttpServletRequest)
2019-10-18 22:43:51 org.springframework.web.servlet.mvc.method.annotation.RequestMappingHandlerMapping -Mapped "{[/test]}" onto public java.lang.String com.hyp.controller.article.ImageUploadController.toUpload()
2019-10-18 22:43:51 org.springframework.web.servlet.mvc.method.annotation.RequestMappingHandlerMapping -Mapped "{[/]}" onto public java.lang.String com.hyp.controller.Index.index()
2019-10-18 22:43:51 org.springframework.web.servlet.mvc.method.annotation.RequestMappingHandlerMapping -Mapped "{[/one/index]}" onto public java.lang.String com.hyp.controller.interceptor.OneController.index(org.springframework.ui.ModelMap)
2019-10-18 22:43:51 org.springframework.web.servlet.mvc.method.annotation.RequestMappingHandlerMapping -Mapped "{[/one/test]}" onto public java.lang.String com.hyp.controller.interceptor.OneController.test(org.springframework.ui.ModelMap)
2019-10-18 22:43:51 org.springframework.web.servlet.mvc.method.annotation.RequestMappingHandlerMapping -Mapped "{[/one/postform],methods=[POST]}" onto public java.lang.String com.hyp.controller.interceptor.OneController.postform(com.hyp.pojo.User)
2019-10-18 22:43:51 org.springframework.web.servlet.mvc.method.annotation.RequestMappingHandlerMapping -Mapped "{[/one/center]}" onto public java.lang.String com.hyp.controller.interceptor.OneController.center()
2019-10-18 22:43:51 org.springframework.web.servlet.mvc.method.annotation.RequestMappingHandlerMapping -Mapped "{[/two/index]}" onto public java.lang.String com.hyp.controller.interceptor.TwoController.index(org.springframework.ui.ModelMap)
2019-10-18 22:43:51 org.springframework.web.servlet.mvc.method.annotation.RequestMappingHandlerMapping -Mapped "{[/two/test]}" onto public java.lang.String com.hyp.controller.interceptor.TwoController.test(org.springframework.ui.ModelMap)
2019-10-18 22:43:51 org.springframework.web.servlet.mvc.method.annotation.RequestMappingHandlerMapping -Mapped "{[/two/postform],methods=[POST]}" onto public java.lang.String com.hyp.controller.interceptor.TwoController.postform(com.hyp.pojo.User)
2019-10-18 22:43:51 org.springframework.web.servlet.mvc.method.annotation.RequestMappingHandlerMapping -Mapped "{[/two/center]}" onto public java.lang.String com.hyp.controller.interceptor.TwoController.center()
2019-10-18 22:43:51 org.springframework.web.servlet.mvc.method.annotation.RequestMappingHandlerMapping -Mapped "{[/static/page/{html}],methods=[GET]}" onto public java.lang.String com.hyp.controller.staticrequest.StaticRequest.page(java.lang.String)
2019-10-18 22:43:51 org.springframework.web.servlet.mvc.method.annotation.RequestMappingHandlerMapping -Mapped "{[/user/index]}" onto public java.lang.String com.hyp.controller.user.UserController.index()
2019-10-18 22:43:51 org.springframework.web.servlet.mvc.method.annotation.RequestMappingHandlerMapping -Mapped "{[/tasks/test1]}" onto public java.lang.String com.hyp.tasks.DoTask.test1() throws java.lang.Exception
2019-10-18 22:43:51 org.springframework.web.servlet.mvc.method.annotation.RequestMappingHandlerMapping -Mapped "{[/error]}" onto public org.springframework.http.ResponseEntity<java.util.Map<java.lang.String, java.lang.Object>> org.springframework.boot.autoconfigure.web.BasicErrorController.error(javax.servlet.http.HttpServletRequest)
2019-10-18 22:43:51 org.springframework.web.servlet.mvc.method.annotation.RequestMappingHandlerMapping -Mapped "{[/error],produces=[text/html]}" onto public org.springframework.web.servlet.ModelAndView org.springframework.boot.autoconfigure.web.BasicErrorController.errorHtml(javax.servlet.http.HttpServletRequest,javax.servlet.http.HttpServletResponse)
2019-10-18 22:43:51 org.springframework.web.servlet.handler.SimpleUrlHandlerMapping -Mapped URL path [/uploadImg/**] onto handler of type [class org.springframework.web.servlet.resource.ResourceHttpRequestHandler]
2019-10-18 22:43:51 org.springframework.web.servlet.handler.SimpleUrlHandlerMapping -Mapped URL path [/static/**] onto handler of type [class org.springframework.web.servlet.resource.ResourceHttpRequestHandler]
2019-10-18 22:43:51 org.springframework.web.servlet.mvc.method.annotation.RequestMappingHandlerAdapter -Looking for @ControllerAdvice: org.springframework.web.context.support.GenericWebApplicationContext@1e0b4072: startup date [Fri Oct 18 22:43:49 CST 2019]; root of context hierarchy
2019-10-18 22:43:51 org.springframework.web.servlet.view.freemarker.FreeMarkerConfigurer -ClassTemplateLoader for Spring macros added to FreeMarker configuration
2019-10-18 22:43:52 org.thymeleaf.templatemode.TemplateMode -[THYMELEAF][main] Template Mode 'HTML5' is deprecated. Using Template Mode 'HTML' instead.
2019-10-18 22:43:52 com.hyp.service.impl.AdminServiceImplTest -Started AdminServiceImplTest in 3.614 seconds (JVM running for 4.294)
2019-10-18 22:43:52 com.hyp.mapper.AdminMapper.getAllArticle_COUNT -==>  Preparing: SELECT count(0) FROM article 
2019-10-18 22:43:52 com.hyp.mapper.AdminMapper.getAllArticle_COUNT -==> Parameters: 
2019-10-18 22:43:52 com.hyp.mapper.AdminMapper.getAllArticle_COUNT -<==      Total: 1
2019-10-18 22:43:52 com.hyp.mapper.AdminMapper.getAllArticle -==>  Preparing: select * from article LIMIT ? 
2019-10-18 22:43:52 com.hyp.mapper.AdminMapper.getAllArticle -==> Parameters: 1(Integer)
2019-10-18 22:43:52 com.hyp.mapper.AdminMapper.getAllArticle -<==      Total: 1
2019-10-18 22:43:52 org.springframework.web.context.support.GenericWebApplicationContext -Closing org.springframework.web.context.support.GenericWebApplicationContext@1e0b4072: startup date [Fri Oct 18 22:43:49 CST 2019]; root of context hierarchy
2019-10-18 22:43:52 com.alibaba.druid.pool.DruidDataSource -{dataSource-1} closed
2019-10-18 22:45:16 com.hyp.service.impl.AdminServiceImplTest -Starting AdminServiceImplTest on DESKTOP-OLBL83E with PID 536 (started by heyapei in D:\lifeWork\ideaWorkSpace\springbootblog)
2019-10-18 22:45:16 com.hyp.service.impl.AdminServiceImplTest -No active profile set, falling back to default profiles: default
2019-10-18 22:45:16 org.springframework.web.context.support.GenericWebApplicationContext -Refreshing org.springframework.web.context.support.GenericWebApplicationContext@1e0b4072: startup date [Fri Oct 18 22:45:16 CST 2019]; root of context hierarchy
2019-10-18 22:45:17 org.hibernate.validator.internal.util.Version -HV000001: Hibernate Validator 5.3.5.Final
2019-10-18 22:45:17 org.mybatis.spring.mapper.ClassPathMapperScanner -No MyBatis mapper was found in '[com.autumn.mapper]' package. Please check your configuration.
2019-10-18 22:45:18 com.alibaba.druid.spring.boot.autoconfigure.DruidDataSourceAutoConfigure -Init DruidDataSource
2019-10-18 22:45:18 com.alibaba.druid.pool.DruidDataSource -{dataSource-1} inited
2019-10-18 22:45:19 org.springframework.web.servlet.mvc.method.annotation.RequestMappingHandlerMapping -Mapped "{[/admin/index/{articleId}],methods=[GET]}" onto public java.lang.String com.hyp.controller.admin.Admin.showOneArticle(int,org.springframework.ui.ModelMap)
2019-10-18 22:45:19 org.springframework.web.servlet.mvc.method.annotation.RequestMappingHandlerMapping -Mapped "{[/admin/index/{userId}],methods=[GET]}" onto public java.lang.String com.hyp.controller.admin.Admin.articleDetailByUserId(int,org.springframework.ui.ModelMap)
2019-10-18 22:45:19 org.springframework.web.servlet.mvc.method.annotation.RequestMappingHandlerMapping -Mapped "{[/admin/addArticle],methods=[POST]}" onto public java.lang.String com.hyp.controller.article.ArticleController.addArticle(java.util.Map<java.lang.String, java.lang.Object>)
2019-10-18 22:45:19 org.springframework.web.servlet.mvc.method.annotation.RequestMappingHandlerMapping -Mapped "{[/admin/articleDetail/{id}],methods=[GET]}" onto public java.lang.String com.hyp.controller.article.ArticleController.articleDetail(int,org.springframework.ui.ModelMap)
2019-10-18 22:45:19 org.springframework.web.servlet.mvc.method.annotation.RequestMappingHandlerMapping -Mapped "{[/admin/showAdd]}" onto public java.lang.String com.hyp.controller.article.ArticleController.showAdd()
2019-10-18 22:45:19 org.springframework.web.servlet.mvc.method.annotation.RequestMappingHandlerMapping -Mapped "{[/fileUpload],methods=[POST]}" onto public java.util.Map<java.lang.String, java.lang.String> com.hyp.controller.article.ImageUploadController.upload(org.springframework.web.multipart.MultipartFile,javax.servlet.http.HttpServletRequest)
2019-10-18 22:45:19 org.springframework.web.servlet.mvc.method.annotation.RequestMappingHandlerMapping -Mapped "{[/test]}" onto public java.lang.String com.hyp.controller.article.ImageUploadController.toUpload()
2019-10-18 22:45:19 org.springframework.web.servlet.mvc.method.annotation.RequestMappingHandlerMapping -Mapped "{[/]}" onto public java.lang.String com.hyp.controller.Index.index()
2019-10-18 22:45:19 org.springframework.web.servlet.mvc.method.annotation.RequestMappingHandlerMapping -Mapped "{[/one/index]}" onto public java.lang.String com.hyp.controller.interceptor.OneController.index(org.springframework.ui.ModelMap)
2019-10-18 22:45:19 org.springframework.web.servlet.mvc.method.annotation.RequestMappingHandlerMapping -Mapped "{[/one/test]}" onto public java.lang.String com.hyp.controller.interceptor.OneController.test(org.springframework.ui.ModelMap)
2019-10-18 22:45:19 org.springframework.web.servlet.mvc.method.annotation.RequestMappingHandlerMapping -Mapped "{[/one/center]}" onto public java.lang.String com.hyp.controller.interceptor.OneController.center()
2019-10-18 22:45:19 org.springframework.web.servlet.mvc.method.annotation.RequestMappingHandlerMapping -Mapped "{[/one/postform],methods=[POST]}" onto public java.lang.String com.hyp.controller.interceptor.OneController.postform(com.hyp.pojo.User)
2019-10-18 22:45:19 org.springframework.web.servlet.mvc.method.annotation.RequestMappingHandlerMapping -Mapped "{[/two/index]}" onto public java.lang.String com.hyp.controller.interceptor.TwoController.index(org.springframework.ui.ModelMap)
2019-10-18 22:45:19 org.springframework.web.servlet.mvc.method.annotation.RequestMappingHandlerMapping -Mapped "{[/two/test]}" onto public java.lang.String com.hyp.controller.interceptor.TwoController.test(org.springframework.ui.ModelMap)
2019-10-18 22:45:19 org.springframework.web.servlet.mvc.method.annotation.RequestMappingHandlerMapping -Mapped "{[/two/center]}" onto public java.lang.String com.hyp.controller.interceptor.TwoController.center()
2019-10-18 22:45:19 org.springframework.web.servlet.mvc.method.annotation.RequestMappingHandlerMapping -Mapped "{[/two/postform],methods=[POST]}" onto public java.lang.String com.hyp.controller.interceptor.TwoController.postform(com.hyp.pojo.User)
2019-10-18 22:45:19 org.springframework.web.servlet.mvc.method.annotation.RequestMappingHandlerMapping -Mapped "{[/static/page/{html}],methods=[GET]}" onto public java.lang.String com.hyp.controller.staticrequest.StaticRequest.page(java.lang.String)
2019-10-18 22:45:19 org.springframework.web.servlet.mvc.method.annotation.RequestMappingHandlerMapping -Mapped "{[/user/index]}" onto public java.lang.String com.hyp.controller.user.UserController.index()
2019-10-18 22:45:19 org.springframework.web.servlet.mvc.method.annotation.RequestMappingHandlerMapping -Mapped "{[/tasks/test1]}" onto public java.lang.String com.hyp.tasks.DoTask.test1() throws java.lang.Exception
2019-10-18 22:45:19 org.springframework.web.servlet.mvc.method.annotation.RequestMappingHandlerMapping -Mapped "{[/error]}" onto public org.springframework.http.ResponseEntity<java.util.Map<java.lang.String, java.lang.Object>> org.springframework.boot.autoconfigure.web.BasicErrorController.error(javax.servlet.http.HttpServletRequest)
2019-10-18 22:45:19 org.springframework.web.servlet.mvc.method.annotation.RequestMappingHandlerMapping -Mapped "{[/error],produces=[text/html]}" onto public org.springframework.web.servlet.ModelAndView org.springframework.boot.autoconfigure.web.BasicErrorController.errorHtml(javax.servlet.http.HttpServletRequest,javax.servlet.http.HttpServletResponse)
2019-10-18 22:45:19 org.springframework.web.servlet.handler.SimpleUrlHandlerMapping -Mapped URL path [/uploadImg/**] onto handler of type [class org.springframework.web.servlet.resource.ResourceHttpRequestHandler]
2019-10-18 22:45:19 org.springframework.web.servlet.handler.SimpleUrlHandlerMapping -Mapped URL path [/static/**] onto handler of type [class org.springframework.web.servlet.resource.ResourceHttpRequestHandler]
2019-10-18 22:45:19 org.springframework.web.servlet.mvc.method.annotation.RequestMappingHandlerAdapter -Looking for @ControllerAdvice: org.springframework.web.context.support.GenericWebApplicationContext@1e0b4072: startup date [Fri Oct 18 22:45:16 CST 2019]; root of context hierarchy
2019-10-18 22:45:19 org.springframework.web.servlet.view.freemarker.FreeMarkerConfigurer -ClassTemplateLoader for Spring macros added to FreeMarker configuration
2019-10-18 22:45:19 org.thymeleaf.templatemode.TemplateMode -[THYMELEAF][main] Template Mode 'HTML5' is deprecated. Using Template Mode 'HTML' instead.
2019-10-18 22:45:20 com.hyp.service.impl.AdminServiceImplTest -Started AdminServiceImplTest in 3.521 seconds (JVM running for 4.165)
2019-10-18 22:45:20 com.hyp.mapper.AdminMapper.getAllArticle_COUNT -==>  Preparing: SELECT count(0) FROM article 
2019-10-18 22:45:20 com.hyp.mapper.AdminMapper.getAllArticle_COUNT -==> Parameters: 
2019-10-18 22:45:20 com.hyp.mapper.AdminMapper.getAllArticle_COUNT -<==      Total: 1
2019-10-18 22:45:20 com.hyp.mapper.AdminMapper.getAllArticle -==>  Preparing: select * from article LIMIT ? 
2019-10-18 22:45:20 com.hyp.mapper.AdminMapper.getAllArticle -==> Parameters: 1(Integer)
2019-10-18 22:45:20 com.hyp.mapper.AdminMapper.getAllArticle -<==      Total: 1
2019-10-18 22:45:20 org.springframework.web.context.support.GenericWebApplicationContext -Closing org.springframework.web.context.support.GenericWebApplicationContext@1e0b4072: startup date [Fri Oct 18 22:45:16 CST 2019]; root of context hierarchy
2019-10-18 22:45:20 com.alibaba.druid.pool.DruidDataSource -{dataSource-1} closed
2019-10-18 22:48:30 com.hyp.service.impl.AdminServiceImplTest -Starting AdminServiceImplTest on DESKTOP-OLBL83E with PID 3552 (started by heyapei in D:\lifeWork\ideaWorkSpace\springbootblog)
2019-10-18 22:48:30 com.hyp.service.impl.AdminServiceImplTest -No active profile set, falling back to default profiles: default
2019-10-18 22:48:30 org.springframework.web.context.support.GenericWebApplicationContext -Refreshing org.springframework.web.context.support.GenericWebApplicationContext@1e0b4072: startup date [Fri Oct 18 22:48:30 CST 2019]; root of context hierarchy
2019-10-18 22:48:30 org.hibernate.validator.internal.util.Version -HV000001: Hibernate Validator 5.3.5.Final
2019-10-18 22:48:31 org.mybatis.spring.mapper.ClassPathMapperScanner -No MyBatis mapper was found in '[com.autumn.mapper]' package. Please check your configuration.
2019-10-18 22:48:31 com.alibaba.druid.spring.boot.autoconfigure.DruidDataSourceAutoConfigure -Init DruidDataSource
2019-10-18 22:48:32 com.alibaba.druid.pool.DruidDataSource -{dataSource-1} inited
2019-10-18 22:48:32 org.springframework.web.servlet.mvc.method.annotation.RequestMappingHandlerMapping -Mapped "{[/admin/index/{userId}],methods=[GET]}" onto public java.lang.String com.hyp.controller.admin.Admin.articleDetailByUserId(int,org.springframework.ui.ModelMap)
2019-10-18 22:48:32 org.springframework.web.servlet.mvc.method.annotation.RequestMappingHandlerMapping -Mapped "{[/admin/index/{articleId}],methods=[GET]}" onto public java.lang.String com.hyp.controller.admin.Admin.showOneArticle(int,org.springframework.ui.ModelMap)
2019-10-18 22:48:32 org.springframework.web.servlet.mvc.method.annotation.RequestMappingHandlerMapping -Mapped "{[/admin/showAdd]}" onto public java.lang.String com.hyp.controller.article.ArticleController.showAdd()
2019-10-18 22:48:32 org.springframework.web.servlet.mvc.method.annotation.RequestMappingHandlerMapping -Mapped "{[/admin/addArticle],methods=[POST]}" onto public java.lang.String com.hyp.controller.article.ArticleController.addArticle(java.util.Map<java.lang.String, java.lang.Object>)
2019-10-18 22:48:32 org.springframework.web.servlet.mvc.method.annotation.RequestMappingHandlerMapping -Mapped "{[/admin/articleDetail/{id}],methods=[GET]}" onto public java.lang.String com.hyp.controller.article.ArticleController.articleDetail(int,org.springframework.ui.ModelMap)
2019-10-18 22:48:32 org.springframework.web.servlet.mvc.method.annotation.RequestMappingHandlerMapping -Mapped "{[/fileUpload],methods=[POST]}" onto public java.util.Map<java.lang.String, java.lang.String> com.hyp.controller.article.ImageUploadController.upload(org.springframework.web.multipart.MultipartFile,javax.servlet.http.HttpServletRequest)
2019-10-18 22:48:32 org.springframework.web.servlet.mvc.method.annotation.RequestMappingHandlerMapping -Mapped "{[/test]}" onto public java.lang.String com.hyp.controller.article.ImageUploadController.toUpload()
2019-10-18 22:48:32 org.springframework.web.servlet.mvc.method.annotation.RequestMappingHandlerMapping -Mapped "{[/]}" onto public java.lang.String com.hyp.controller.Index.index()
2019-10-18 22:48:32 org.springframework.web.servlet.mvc.method.annotation.RequestMappingHandlerMapping -Mapped "{[/one/index]}" onto public java.lang.String com.hyp.controller.interceptor.OneController.index(org.springframework.ui.ModelMap)
2019-10-18 22:48:32 org.springframework.web.servlet.mvc.method.annotation.RequestMappingHandlerMapping -Mapped "{[/one/test]}" onto public java.lang.String com.hyp.controller.interceptor.OneController.test(org.springframework.ui.ModelMap)
2019-10-18 22:48:32 org.springframework.web.servlet.mvc.method.annotation.RequestMappingHandlerMapping -Mapped "{[/one/center]}" onto public java.lang.String com.hyp.controller.interceptor.OneController.center()
2019-10-18 22:48:32 org.springframework.web.servlet.mvc.method.annotation.RequestMappingHandlerMapping -Mapped "{[/one/postform],methods=[POST]}" onto public java.lang.String com.hyp.controller.interceptor.OneController.postform(com.hyp.pojo.User)
2019-10-18 22:48:32 org.springframework.web.servlet.mvc.method.annotation.RequestMappingHandlerMapping -Mapped "{[/two/index]}" onto public java.lang.String com.hyp.controller.interceptor.TwoController.index(org.springframework.ui.ModelMap)
2019-10-18 22:48:32 org.springframework.web.servlet.mvc.method.annotation.RequestMappingHandlerMapping -Mapped "{[/two/test]}" onto public java.lang.String com.hyp.controller.interceptor.TwoController.test(org.springframework.ui.ModelMap)
2019-10-18 22:48:32 org.springframework.web.servlet.mvc.method.annotation.RequestMappingHandlerMapping -Mapped "{[/two/center]}" onto public java.lang.String com.hyp.controller.interceptor.TwoController.center()
2019-10-18 22:48:32 org.springframework.web.servlet.mvc.method.annotation.RequestMappingHandlerMapping -Mapped "{[/two/postform],methods=[POST]}" onto public java.lang.String com.hyp.controller.interceptor.TwoController.postform(com.hyp.pojo.User)
2019-10-18 22:48:32 org.springframework.web.servlet.mvc.method.annotation.RequestMappingHandlerMapping -Mapped "{[/static/page/{html}],methods=[GET]}" onto public java.lang.String com.hyp.controller.staticrequest.StaticRequest.page(java.lang.String)
2019-10-18 22:48:32 org.springframework.web.servlet.mvc.method.annotation.RequestMappingHandlerMapping -Mapped "{[/user/index]}" onto public java.lang.String com.hyp.controller.user.UserController.index()
2019-10-18 22:48:32 org.springframework.web.servlet.mvc.method.annotation.RequestMappingHandlerMapping -Mapped "{[/tasks/test1]}" onto public java.lang.String com.hyp.tasks.DoTask.test1() throws java.lang.Exception
2019-10-18 22:48:32 org.springframework.web.servlet.mvc.method.annotation.RequestMappingHandlerMapping -Mapped "{[/error]}" onto public org.springframework.http.ResponseEntity<java.util.Map<java.lang.String, java.lang.Object>> org.springframework.boot.autoconfigure.web.BasicErrorController.error(javax.servlet.http.HttpServletRequest)
2019-10-18 22:48:32 org.springframework.web.servlet.mvc.method.annotation.RequestMappingHandlerMapping -Mapped "{[/error],produces=[text/html]}" onto public org.springframework.web.servlet.ModelAndView org.springframework.boot.autoconfigure.web.BasicErrorController.errorHtml(javax.servlet.http.HttpServletRequest,javax.servlet.http.HttpServletResponse)
2019-10-18 22:48:32 org.springframework.web.servlet.handler.SimpleUrlHandlerMapping -Mapped URL path [/uploadImg/**] onto handler of type [class org.springframework.web.servlet.resource.ResourceHttpRequestHandler]
2019-10-18 22:48:32 org.springframework.web.servlet.handler.SimpleUrlHandlerMapping -Mapped URL path [/static/**] onto handler of type [class org.springframework.web.servlet.resource.ResourceHttpRequestHandler]
2019-10-18 22:48:32 org.springframework.web.servlet.mvc.method.annotation.RequestMappingHandlerAdapter -Looking for @ControllerAdvice: org.springframework.web.context.support.GenericWebApplicationContext@1e0b4072: startup date [Fri Oct 18 22:48:30 CST 2019]; root of context hierarchy
2019-10-18 22:48:33 org.springframework.web.servlet.view.freemarker.FreeMarkerConfigurer -ClassTemplateLoader for Spring macros added to FreeMarker configuration
2019-10-18 22:48:33 org.thymeleaf.templatemode.TemplateMode -[THYMELEAF][main] Template Mode 'HTML5' is deprecated. Using Template Mode 'HTML' instead.
2019-10-18 22:48:33 com.hyp.service.impl.AdminServiceImplTest -Started AdminServiceImplTest in 3.637 seconds (JVM running for 4.339)
2019-10-18 22:48:33 com.hyp.mapper.AdminMapper.getAllArticle_COUNT -==>  Preparing: SELECT count(0) FROM article 
2019-10-18 22:48:33 com.hyp.mapper.AdminMapper.getAllArticle_COUNT -==> Parameters: 
2019-10-18 22:48:33 com.hyp.mapper.AdminMapper.getAllArticle_COUNT -<==      Total: 1
2019-10-18 22:48:33 com.hyp.mapper.AdminMapper.getAllArticle -==>  Preparing: select * from article LIMIT ? 
2019-10-18 22:48:33 com.hyp.mapper.AdminMapper.getAllArticle -==> Parameters: 1(Integer)
2019-10-18 22:48:33 com.hyp.mapper.AdminMapper.getAllArticle -<==      Total: 1
2019-10-18 22:48:33 org.springframework.web.context.support.GenericWebApplicationContext -Closing org.springframework.web.context.support.GenericWebApplicationContext@1e0b4072: startup date [Fri Oct 18 22:48:30 CST 2019]; root of context hierarchy
2019-10-18 22:48:33 com.alibaba.druid.pool.DruidDataSource -{dataSource-1} closed
2019-10-18 22:48:40 com.hyp.SpringstartApplication -Starting SpringstartApplication on DESKTOP-OLBL83E with PID 1344 (D:\lifeWork\ideaWorkSpace\springbootblog\target\classes started by heyapei in D:\lifeWork\ideaWorkSpace\springbootblog)
2019-10-18 22:48:40 com.hyp.SpringstartApplication -No active profile set, falling back to default profiles: default
2019-10-18 22:48:40 org.springframework.boot.context.embedded.AnnotationConfigEmbeddedWebApplicationContext -Refreshing org.springframework.boot.context.embedded.AnnotationConfigEmbeddedWebApplicationContext@5ca315e1: startup date [Fri Oct 18 22:48:40 CST 2019]; root of context hierarchy
2019-10-18 22:48:40 org.hibernate.validator.internal.util.Version -HV000001: Hibernate Validator 5.3.5.Final
2019-10-18 22:48:41 org.mybatis.spring.mapper.ClassPathMapperScanner -No MyBatis mapper was found in '[com.autumn.mapper]' package. Please check your configuration.
2019-10-18 22:48:41 org.springframework.boot.context.embedded.tomcat.TomcatEmbeddedServletContainer -Tomcat initialized with port(s): 8089 (http)
2019-10-18 22:48:41 org.apache.catalina.core.StandardService -Starting service Tomcat
2019-10-18 22:48:41 org.apache.catalina.core.StandardEngine -Starting Servlet Engine: Apache Tomcat/8.5.14
2019-10-18 22:48:41 org.apache.catalina.core.ContainerBase.[Tomcat].[localhost].[/] -Initializing Spring embedded WebApplicationContext
2019-10-18 22:48:41 org.springframework.web.context.ContextLoader -Root WebApplicationContext: initialization completed in 1117 ms
2019-10-18 22:48:41 org.springframework.boot.web.servlet.ServletRegistrationBean -Mapping servlet: 'dispatcherServlet' to [/]
2019-10-18 22:48:41 org.springframework.boot.web.servlet.ServletRegistrationBean -Mapping servlet: 'statViewServlet' to [/druid/*]
2019-10-18 22:48:41 org.springframework.boot.web.servlet.FilterRegistrationBean -Mapping filter: 'characterEncodingFilter' to: [/*]
2019-10-18 22:48:41 org.springframework.boot.web.servlet.FilterRegistrationBean -Mapping filter: 'webStatFilter' to urls: [/*]
2019-10-18 22:48:41 com.alibaba.druid.spring.boot.autoconfigure.DruidDataSourceAutoConfigure -Init DruidDataSource
2019-10-18 22:48:42 com.alibaba.druid.pool.DruidDataSource -{dataSource-1} inited
2019-10-18 22:48:42 org.springframework.web.servlet.mvc.method.annotation.RequestMappingHandlerMapping -Mapped "{[/admin/index/{articleId}],methods=[GET]}" onto public java.lang.String com.hyp.controller.admin.Admin.showOneArticle(int,org.springframework.ui.ModelMap)
2019-10-18 22:48:42 org.springframework.web.servlet.mvc.method.annotation.RequestMappingHandlerMapping -Mapped "{[/admin/index/{userId}],methods=[GET]}" onto public java.lang.String com.hyp.controller.admin.Admin.articleDetailByUserId(int,org.springframework.ui.ModelMap)
2019-10-18 22:48:42 org.springframework.web.servlet.mvc.method.annotation.RequestMappingHandlerMapping -Mapped "{[/admin/addArticle],methods=[POST]}" onto public java.lang.String com.hyp.controller.article.ArticleController.addArticle(java.util.Map<java.lang.String, java.lang.Object>)
2019-10-18 22:48:42 org.springframework.web.servlet.mvc.method.annotation.RequestMappingHandlerMapping -Mapped "{[/admin/articleDetail/{id}],methods=[GET]}" onto public java.lang.String com.hyp.controller.article.ArticleController.articleDetail(int,org.springframework.ui.ModelMap)
2019-10-18 22:48:42 org.springframework.web.servlet.mvc.method.annotation.RequestMappingHandlerMapping -Mapped "{[/admin/showAdd]}" onto public java.lang.String com.hyp.controller.article.ArticleController.showAdd()
2019-10-18 22:48:42 org.springframework.web.servlet.mvc.method.annotation.RequestMappingHandlerMapping -Mapped "{[/fileUpload],methods=[POST]}" onto public java.util.Map<java.lang.String, java.lang.String> com.hyp.controller.article.ImageUploadController.upload(org.springframework.web.multipart.MultipartFile,javax.servlet.http.HttpServletRequest)
2019-10-18 22:48:42 org.springframework.web.servlet.mvc.method.annotation.RequestMappingHandlerMapping -Mapped "{[/test]}" onto public java.lang.String com.hyp.controller.article.ImageUploadController.toUpload()
2019-10-18 22:48:42 org.springframework.web.servlet.mvc.method.annotation.RequestMappingHandlerMapping -Mapped "{[/]}" onto public java.lang.String com.hyp.controller.Index.index()
2019-10-18 22:48:42 org.springframework.web.servlet.mvc.method.annotation.RequestMappingHandlerMapping -Mapped "{[/one/index]}" onto public java.lang.String com.hyp.controller.interceptor.OneController.index(org.springframework.ui.ModelMap)
2019-10-18 22:48:42 org.springframework.web.servlet.mvc.method.annotation.RequestMappingHandlerMapping -Mapped "{[/one/test]}" onto public java.lang.String com.hyp.controller.interceptor.OneController.test(org.springframework.ui.ModelMap)
2019-10-18 22:48:42 org.springframework.web.servlet.mvc.method.annotation.RequestMappingHandlerMapping -Mapped "{[/one/center]}" onto public java.lang.String com.hyp.controller.interceptor.OneController.center()
2019-10-18 22:48:42 org.springframework.web.servlet.mvc.method.annotation.RequestMappingHandlerMapping -Mapped "{[/one/postform],methods=[POST]}" onto public java.lang.String com.hyp.controller.interceptor.OneController.postform(com.hyp.pojo.User)
2019-10-18 22:48:42 org.springframework.web.servlet.mvc.method.annotation.RequestMappingHandlerMapping -Mapped "{[/two/index]}" onto public java.lang.String com.hyp.controller.interceptor.TwoController.index(org.springframework.ui.ModelMap)
2019-10-18 22:48:42 org.springframework.web.servlet.mvc.method.annotation.RequestMappingHandlerMapping -Mapped "{[/two/test]}" onto public java.lang.String com.hyp.controller.interceptor.TwoController.test(org.springframework.ui.ModelMap)
2019-10-18 22:48:42 org.springframework.web.servlet.mvc.method.annotation.RequestMappingHandlerMapping -Mapped "{[/two/center]}" onto public java.lang.String com.hyp.controller.interceptor.TwoController.center()
2019-10-18 22:48:42 org.springframework.web.servlet.mvc.method.annotation.RequestMappingHandlerMapping -Mapped "{[/two/postform],methods=[POST]}" onto public java.lang.String com.hyp.controller.interceptor.TwoController.postform(com.hyp.pojo.User)
2019-10-18 22:48:42 org.springframework.web.servlet.mvc.method.annotation.RequestMappingHandlerMapping -Mapped "{[/static/page/{html}],methods=[GET]}" onto public java.lang.String com.hyp.controller.staticrequest.StaticRequest.page(java.lang.String)
2019-10-18 22:48:42 org.springframework.web.servlet.mvc.method.annotation.RequestMappingHandlerMapping -Mapped "{[/user/index]}" onto public java.lang.String com.hyp.controller.user.UserController.index()
2019-10-18 22:48:42 org.springframework.web.servlet.mvc.method.annotation.RequestMappingHandlerMapping -Mapped "{[/tasks/test1]}" onto public java.lang.String com.hyp.tasks.DoTask.test1() throws java.lang.Exception
2019-10-18 22:48:42 org.springframework.web.servlet.mvc.method.annotation.RequestMappingHandlerMapping -Mapped "{[/error]}" onto public org.springframework.http.ResponseEntity<java.util.Map<java.lang.String, java.lang.Object>> org.springframework.boot.autoconfigure.web.BasicErrorController.error(javax.servlet.http.HttpServletRequest)
2019-10-18 22:48:42 org.springframework.web.servlet.mvc.method.annotation.RequestMappingHandlerMapping -Mapped "{[/error],produces=[text/html]}" onto public org.springframework.web.servlet.ModelAndView org.springframework.boot.autoconfigure.web.BasicErrorController.errorHtml(javax.servlet.http.HttpServletRequest,javax.servlet.http.HttpServletResponse)
2019-10-18 22:48:42 org.springframework.web.servlet.handler.SimpleUrlHandlerMapping -Mapped URL path [/uploadImg/**] onto handler of type [class org.springframework.web.servlet.resource.ResourceHttpRequestHandler]
2019-10-18 22:48:42 org.springframework.web.servlet.handler.SimpleUrlHandlerMapping -Mapped URL path [/static/**] onto handler of type [class org.springframework.web.servlet.resource.ResourceHttpRequestHandler]
2019-10-18 22:48:42 org.springframework.web.servlet.mvc.method.annotation.RequestMappingHandlerAdapter -Looking for @ControllerAdvice: org.springframework.boot.context.embedded.AnnotationConfigEmbeddedWebApplicationContext@5ca315e1: startup date [Fri Oct 18 22:48:40 CST 2019]; root of context hierarchy
2019-10-18 22:48:43 org.springframework.web.servlet.view.freemarker.FreeMarkerConfigurer -ClassTemplateLoader for Spring macros added to FreeMarker configuration
2019-10-18 22:48:43 org.thymeleaf.templatemode.TemplateMode -[THYMELEAF][restartedMain] Template Mode 'HTML5' is deprecated. Using Template Mode 'HTML' instead.
2019-10-18 22:48:43 org.springframework.boot.devtools.autoconfigure.OptionalLiveReloadServer -LiveReload server is running on port 35729
2019-10-18 22:48:43 org.springframework.jmx.export.annotation.AnnotationMBeanExporter -Registering beans for JMX exposure on startup
2019-10-18 22:48:43 org.springframework.jmx.export.annotation.AnnotationMBeanExporter -Bean with name 'statFilter' has been autodetected for JMX exposure
2019-10-18 22:48:43 org.springframework.jmx.export.annotation.AnnotationMBeanExporter -Bean with name 'dataSource' has been autodetected for JMX exposure
2019-10-18 22:48:43 org.springframework.jmx.export.annotation.AnnotationMBeanExporter -Located MBean 'dataSource': registering with JMX server as MBean [com.alibaba.druid.spring.boot.autoconfigure:name=dataSource,type=DruidDataSourceWrapper]
2019-10-18 22:48:43 org.springframework.jmx.export.annotation.AnnotationMBeanExporter -Located MBean 'statFilter': registering with JMX server as MBean [com.alibaba.druid.filter.stat:name=statFilter,type=StatFilter]
2019-10-18 22:48:43 org.apache.coyote.http11.Http11NioProtocol -Initializing ProtocolHandler ["http-nio-8089"]
2019-10-18 22:48:43 org.apache.coyote.http11.Http11NioProtocol -Starting ProtocolHandler ["http-nio-8089"]
2019-10-18 22:48:43 org.apache.tomcat.util.net.NioSelectorPool -Using a shared selector for servlet write/read
2019-10-18 22:48:43 org.springframework.boot.context.embedded.tomcat.TomcatEmbeddedServletContainer -Tomcat started on port(s): 8089 (http)
2019-10-18 22:48:43 com.hyp.SpringstartApplication -Started SpringstartApplication in 3.192 seconds (JVM running for 4.352)
2019-10-18 22:48:57 org.apache.catalina.core.ContainerBase.[Tomcat].[localhost].[/] -Initializing Spring FrameworkServlet 'dispatcherServlet'
2019-10-18 22:48:57 org.springframework.web.servlet.DispatcherServlet -FrameworkServlet 'dispatcherServlet': initialization started
2019-10-18 22:48:57 org.springframework.web.servlet.DispatcherServlet -FrameworkServlet 'dispatcherServlet': initialization completed in 13 ms
2019-10-18 22:48:57 com.hyp.controller.Index -
2019-10-18 22:48:59 org.springframework.web.servlet.PageNotFound -No mapping found for HTTP request with URI [/favicon.ico] in DispatcherServlet with name 'dispatcherServlet'
2019-10-18 22:49:02 org.springframework.web.servlet.PageNotFound -No mapping found for HTTP request with URI [/single-post.html] in DispatcherServlet with name 'dispatcherServlet'
